<?xml version="1.0" encoding="UTF-8"?>
<!-- Generated by org.testng.reporters.JUnitXMLReporter -->
<testsuite ignored="39" hostname="DESKTOP-EM2UP6U" failures="2" tests="24" name="Test(failed)" time="503.377" errors="0" timestamp="2024-01-10T12:16:34 IST">
  <testcase classname="vendorLogin.Slots" name="UnBlockSlotsMultiple" time="3.58">
    <failure type="org.openqa.selenium.ElementClickInterceptedException" message="Element &amp;lt;button class=&amp;quot;MuiButtonBase-root MuiButton-root MuiButton-contained MuiButton-containedPrimary MuiButton-sizeMedium MuiButton-containedSizeMedium MuiButton-fullWidth MuiButton-root MuiButton-contained MuiButton-containedPrimary MuiButton-sizeMedium MuiButton-containedSizeMedium MuiButton-fullWidth css-1aih38u&amp;quot; type=&amp;quot;button&amp;quot;&amp;gt; is not clickable at point (1082,219) because another element &amp;lt;span class=&amp;quot;MuiTypography-root MuiTypography-caption MuiDayPicker-weekDayLabel css-1hri1qj&amp;quot;&amp;gt; obscures it
Build info: version: &amp;apos;4.16.1&amp;apos;, revision: &amp;apos;9b4c83354e&amp;apos;
System info: os.name: &amp;apos;Windows 10&amp;apos;, os.arch: &amp;apos;amd64&amp;apos;, os.version: &amp;apos;10.0&amp;apos;, java.version: &amp;apos;17.0.7&amp;apos;
Driver info: org.openqa.selenium.firefox.FirefoxDriver
Command: [58102755-9819-4337-80b5-81a9c10fa1de, clickElement {id=c11a6d1d-b31c-49ee-9c9d-a6617052e10c}]
Capabilities {acceptInsecureCerts: true, browserName: firefox, browserVersion: 121.0, moz:accessibilityChecks: false, moz:buildID: 20231211174248, moz:debuggerAddress: 127.0.0.1:31060, moz:geckodriverVersion: 0.33.0, moz:headless: false, moz:platformVersion: 10.0, moz:processID: 7368, moz:profile: C:\Users\Admin\AppData\Loca..., moz:shutdownTimeout: 60000, moz:webdriverClick: true, moz:windowless: false, pageLoadStrategy: normal, platformName: windows, proxy: Proxy(), se:cdp: ws://127.0.0.1:31060/devtoo..., se:cdpVersion: 85.0, setWindowRect: true, strictFileInteractability: false, timeouts: {implicit: 0, pageLoad: 300000, script: 30000}, unhandledPromptBehavior: dismiss and notify}
Element: [[FirefoxDriver: firefox on windows (58102755-9819-4337-80b5-81a9c10fa1de)] -&amp;gt; xpath: //button[normalize-space()=&amp;apos;Multiple UnBlock&amp;apos;]]
Session ID: 58102755-9819-4337-80b5-81a9c10fa1de">
      <![CDATA[org.openqa.selenium.ElementClickInterceptedException: Element <button class="MuiButtonBase-root MuiButton-root MuiButton-contained MuiButton-containedPrimary MuiButton-sizeMedium MuiButton-containedSizeMedium MuiButton-fullWidth MuiButton-root MuiButton-contained MuiButton-containedPrimary MuiButton-sizeMedium MuiButton-containedSizeMedium MuiButton-fullWidth css-1aih38u" type="button"> is not clickable at point (1082,219) because another element <span class="MuiTypography-root MuiTypography-caption MuiDayPicker-weekDayLabel css-1hri1qj"> obscures it
Build info: version: '4.16.1', revision: '9b4c83354e'
System info: os.name: 'Windows 10', os.arch: 'amd64', os.version: '10.0', java.version: '17.0.7'
Driver info: org.openqa.selenium.firefox.FirefoxDriver
Command: [58102755-9819-4337-80b5-81a9c10fa1de, clickElement {id=c11a6d1d-b31c-49ee-9c9d-a6617052e10c}]
Capabilities {acceptInsecureCerts: true, browserName: firefox, browserVersion: 121.0, moz:accessibilityChecks: false, moz:buildID: 20231211174248, moz:debuggerAddress: 127.0.0.1:31060, moz:geckodriverVersion: 0.33.0, moz:headless: false, moz:platformVersion: 10.0, moz:processID: 7368, moz:profile: C:\Users\Admin\AppData\Loca..., moz:shutdownTimeout: 60000, moz:webdriverClick: true, moz:windowless: false, pageLoadStrategy: normal, platformName: windows, proxy: Proxy(), se:cdp: ws://127.0.0.1:31060/devtoo..., se:cdpVersion: 85.0, setWindowRect: true, strictFileInteractability: false, timeouts: {implicit: 0, pageLoad: 300000, script: 30000}, unhandledPromptBehavior: dismiss and notify}
Element: [[FirefoxDriver: firefox on windows (58102755-9819-4337-80b5-81a9c10fa1de)] -> xpath: //button[normalize-space()='Multiple UnBlock']]
Session ID: 58102755-9819-4337-80b5-81a9c10fa1de
at org.openqa.selenium.remote.codec.w3c.W3CHttpResponseCodec.createException(W3CHttpResponseCodec.java:200)
at org.openqa.selenium.remote.codec.w3c.W3CHttpResponseCodec.decode(W3CHttpResponseCodec.java:133)
at org.openqa.selenium.remote.codec.w3c.W3CHttpResponseCodec.decode(W3CHttpResponseCodec.java:52)
at org.openqa.selenium.remote.HttpCommandExecutor.execute(HttpCommandExecutor.java:191)
at org.openqa.selenium.remote.service.DriverCommandExecutor.invokeExecute(DriverCommandExecutor.java:200)
at org.openqa.selenium.remote.service.DriverCommandExecutor.execute(DriverCommandExecutor.java:175)
at org.openqa.selenium.remote.RemoteWebDriver.execute(RemoteWebDriver.java:523)
at org.openqa.selenium.remote.RemoteWebElement.execute(RemoteWebElement.java:224)
at org.openqa.selenium.remote.RemoteWebElement.click(RemoteWebElement.java:77)
at org.openqa.selenium.support.pagefactory.internal.LocatingElementHandler.invoke(LocatingElementHandler.java:51)
at jdk.proxy2/jdk.proxy2.$Proxy13.click(Unknown Source)
at vendorLogin.Slots.UnBlockSlotsMultiple(Slots.java:321)
at java.base/java.util.ArrayList.forEach(ArrayList.java:1511)
... Removed 36 stack frames]]>
    </failure>
  </testcase> <!-- UnBlockSlotsMultiple -->
  <testcase classname="vendorLogin.Slots" name="BlockSlotSingle" time="11.341"/>
  <testcase classname="vendorLogin.Offers" name="CreateSlotOfferForParticular" time="10.924">
    <failure type="org.openqa.selenium.ElementClickInterceptedException" message="Element &amp;lt;p class=&amp;quot;MuiTypography-root MuiTypography-body1 css-jd79pv&amp;quot;&amp;gt; is not clickable at point (425,405) because another element &amp;lt;p class=&amp;quot;MuiTypography-root MuiTypography-body1 css-k36ljx&amp;quot;&amp;gt; obscures it
Build info: version: &amp;apos;4.16.1&amp;apos;, revision: &amp;apos;9b4c83354e&amp;apos;
System info: os.name: &amp;apos;Windows 10&amp;apos;, os.arch: &amp;apos;amd64&amp;apos;, os.version: &amp;apos;10.0&amp;apos;, java.version: &amp;apos;17.0.7&amp;apos;
Driver info: org.openqa.selenium.firefox.FirefoxDriver
Command: [9fe14eb3-db0c-4489-8d45-98b9fb484089, clickElement {id=182c9265-562c-40fa-b7a3-17ec638aab5c}]
Capabilities {acceptInsecureCerts: true, browserName: firefox, browserVersion: 121.0, moz:accessibilityChecks: false, moz:buildID: 20231211174248, moz:debuggerAddress: 127.0.0.1:11569, moz:geckodriverVersion: 0.33.0, moz:headless: false, moz:platformVersion: 10.0, moz:processID: 12516, moz:profile: C:\Users\Admin\AppData\Loca..., moz:shutdownTimeout: 60000, moz:webdriverClick: true, moz:windowless: false, pageLoadStrategy: normal, platformName: windows, proxy: Proxy(), se:cdp: ws://127.0.0.1:11569/devtoo..., se:cdpVersion: 85.0, setWindowRect: true, strictFileInteractability: false, timeouts: {implicit: 0, pageLoad: 300000, script: 30000}, unhandledPromptBehavior: dismiss and notify}
Element: [[FirefoxDriver: firefox on windows (9fe14eb3-db0c-4489-8d45-98b9fb484089)] -&amp;gt; xpath: //p[text()=&amp;apos;Publish Offer&amp;apos;]]
Session ID: 9fe14eb3-db0c-4489-8d45-98b9fb484089">
      <![CDATA[org.openqa.selenium.ElementClickInterceptedException: Element <p class="MuiTypography-root MuiTypography-body1 css-jd79pv"> is not clickable at point (425,405) because another element <p class="MuiTypography-root MuiTypography-body1 css-k36ljx"> obscures it
Build info: version: '4.16.1', revision: '9b4c83354e'
System info: os.name: 'Windows 10', os.arch: 'amd64', os.version: '10.0', java.version: '17.0.7'
Driver info: org.openqa.selenium.firefox.FirefoxDriver
Command: [9fe14eb3-db0c-4489-8d45-98b9fb484089, clickElement {id=182c9265-562c-40fa-b7a3-17ec638aab5c}]
Capabilities {acceptInsecureCerts: true, browserName: firefox, browserVersion: 121.0, moz:accessibilityChecks: false, moz:buildID: 20231211174248, moz:debuggerAddress: 127.0.0.1:11569, moz:geckodriverVersion: 0.33.0, moz:headless: false, moz:platformVersion: 10.0, moz:processID: 12516, moz:profile: C:\Users\Admin\AppData\Loca..., moz:shutdownTimeout: 60000, moz:webdriverClick: true, moz:windowless: false, pageLoadStrategy: normal, platformName: windows, proxy: Proxy(), se:cdp: ws://127.0.0.1:11569/devtoo..., se:cdpVersion: 85.0, setWindowRect: true, strictFileInteractability: false, timeouts: {implicit: 0, pageLoad: 300000, script: 30000}, unhandledPromptBehavior: dismiss and notify}
Element: [[FirefoxDriver: firefox on windows (9fe14eb3-db0c-4489-8d45-98b9fb484089)] -> xpath: //p[text()='Publish Offer']]
Session ID: 9fe14eb3-db0c-4489-8d45-98b9fb484089
at org.openqa.selenium.remote.codec.w3c.W3CHttpResponseCodec.createException(W3CHttpResponseCodec.java:200)
at org.openqa.selenium.remote.codec.w3c.W3CHttpResponseCodec.decode(W3CHttpResponseCodec.java:133)
at org.openqa.selenium.remote.codec.w3c.W3CHttpResponseCodec.decode(W3CHttpResponseCodec.java:52)
at org.openqa.selenium.remote.HttpCommandExecutor.execute(HttpCommandExecutor.java:191)
at org.openqa.selenium.remote.service.DriverCommandExecutor.invokeExecute(DriverCommandExecutor.java:200)
at org.openqa.selenium.remote.service.DriverCommandExecutor.execute(DriverCommandExecutor.java:175)
at org.openqa.selenium.remote.RemoteWebDriver.execute(RemoteWebDriver.java:523)
at org.openqa.selenium.remote.RemoteWebElement.execute(RemoteWebElement.java:224)
at org.openqa.selenium.remote.RemoteWebElement.click(RemoteWebElement.java:77)
at org.openqa.selenium.support.pagefactory.internal.LocatingElementHandler.invoke(LocatingElementHandler.java:51)
at jdk.proxy2/jdk.proxy2.$Proxy13.click(Unknown Source)
at vendorLogin.Offers.CreateSlotOfferForParticular(Offers.java:159)
at java.base/java.util.ArrayList.forEach(ArrayList.java:1511)
... Removed 35 stack frames]]>
    </failure>
  </testcase> <!-- CreateSlotOfferForParticular -->
  <testcase classname="vendorLogin.Offers" name="ViewOfferSlotOfferUpcoming" time="2.193"/>
  <testcase classname="vendorLogin.Offers" name="ViewOfferAdjacentOfferActive" time="2.202"/>
  <testcase classname="vendorLogin.Offers" name="ViewOfferAdjacentOfferExpired" time="2.143"/>
  <testcase classname="vendorLogin.Offers" name="ViewOfferAdjacentOfferUpcoming" time="2.149"/>
  <testcase classname="vendorLogin.Offers" name="ViewOfferHappyHoursActive" time="2.143"/>
  <testcase classname="vendorLogin.Offers" name="ViewOfferHappyHoursExpired" time="2.222"/>
  <testcase classname="vendorLogin.Offers" name="ViewOfferHappyHoursUpcoming" time="2.201"/>
  <testcase classname="vendorLogin.Offers" name="ActionButtonForFlatOffer" time="7.414"/>
  <testcase classname="vendorLogin.Offers" name="ActionButtonForFirstTimeOffer" time="6.985"/>
  <testcase classname="vendorLogin.Offers" name="ActionButtonForSlotOffer" time="7.444"/>
  <testcase classname="vendorLogin.Offers" name="ActionButtonForAdjacentOffer" time="7.549"/>
  <testcase classname="vendorLogin.Offers" name="ActionButtonForHappyHours" time="7.28"/>
  <testcase classname="vendorLogin.ImageGallery" name="UploadImage2" time="15.767"/>
  <testcase classname="vendorLogin.AvailBookings" name="AvailBookings3" time="19.911"/>
  <testcase classname="vendorLogin.PYSDashBoard" name="ChangePassEmptyCurrentPassField" time="3.361"/>
  <testcase classname="vendorLogin.PYSDashBoard" name="ChangePassEmptyNewPassField" time="3.31"/>
  <testcase classname="vendorLogin.PYSDashBoard" name="ChangePassEmptyConfirmPassField" time="3.047"/>
  <testcase classname="vendorLogin.PYSDashBoard" name="DashboardBookingsDropDown1" time="6.208"/>
  <testcase classname="vendorLogin.PYSDashBoard" name="DashboardBookingsDropDown2" time="8.536"/>
  <testcase classname="vendorLogin.PYSDashBoard" name="ClickingOnLastTwoWeeks" time="3.521"/>
  <testcase classname="vendorLogin.PYSDashBoard" name="LastTwoWeeksVerify" time="2.969"/>
  <testcase classname="vendorLogin.Slots" name="UnBlockSlotSingle" time="0.0">
    <ignored/>
  </testcase> <!-- UnBlockSlotSingle -->
  <testcase classname="vendorLogin.Offers" name="CreateAdjacentOfferForAll" time="0.0">
    <ignored/>
  </testcase> <!-- CreateAdjacentOfferForAll -->
  <testcase classname="vendorLogin.Offers" name="ViewOfferFlatOfferUpcoming" time="0.0">
    <ignored/>
  </testcase> <!-- ViewOfferFlatOfferUpcoming -->
  <testcase classname="vendorLogin.ImageGallery" name="UploadImage3" time="0.0">
    <ignored/>
  </testcase> <!-- UploadImage3 -->
  <testcase classname="vendorLogin.Offers" name="CreateHappyHoursForAll" time="0.0">
    <ignored/>
  </testcase> <!-- CreateHappyHoursForAll -->
  <testcase classname="vendorLogin.ImageGallery" name="UploadImage4" time="0.0">
    <ignored/>
  </testcase> <!-- UploadImage4 -->
  <testcase classname="vendorLogin.PYSDashBoard" name="ChangePassword" time="0.0">
    <ignored/>
  </testcase> <!-- ChangePassword -->
  <testcase classname="vendorLogin.Offers" name="CreateFirstTimeOfferForParticular" time="0.0">
    <ignored/>
  </testcase> <!-- CreateFirstTimeOfferForParticular -->
  <testcase classname="vendorLogin.PYSDashBoard" name="Dashboardwindow" time="0.0">
    <ignored/>
  </testcase> <!-- Dashboardwindow -->
  <testcase classname="vendorLogin.PYSDashBoard" name="ChangePassNewPassWrong" time="0.0">
    <ignored/>
  </testcase> <!-- ChangePassNewPassWrong -->
  <testcase classname="vendorLogin.ImageGallery" name="UploadImageGallery1" time="0.0">
    <ignored/>
  </testcase> <!-- UploadImageGallery1 -->
  <testcase classname="vendorLogin.Offers" name="ViewOfferFlatOfferActive" time="0.0">
    <ignored/>
  </testcase> <!-- ViewOfferFlatOfferActive -->
  <testcase classname="vendorLogin.Offers" name="ViewOfferFlatOfferExpired" time="0.0">
    <ignored/>
  </testcase> <!-- ViewOfferFlatOfferExpired -->
  <testcase classname="vendorLogin.Offers" name="CreateHappyHoursForParticular" time="0.0">
    <ignored/>
  </testcase> <!-- CreateHappyHoursForParticular -->
  <testcase classname="vendorLogin.Offers" name="ViewOfferSlotOfferExpired" time="0.0">
    <ignored/>
  </testcase> <!-- ViewOfferSlotOfferExpired -->
  <testcase classname="vendorLogin.PYSDashBoard" name="ChangePassCurrentPassWrong" time="0.0">
    <ignored/>
  </testcase> <!-- ChangePassCurrentPassWrong -->
  <testcase classname="vendorLogin.Offers" name="CreateFlatOfferForAll" time="0.0">
    <ignored/>
  </testcase> <!-- CreateFlatOfferForAll -->
  <testcase classname="vendorLogin.Slots" name="ViewSlot2" time="0.0">
    <ignored/>
  </testcase> <!-- ViewSlot2 -->
  <testcase classname="vendorLogin.Slots" name="ViewSlot1" time="0.0">
    <ignored/>
  </testcase> <!-- ViewSlot1 -->
  <testcase classname="vendorLogin.Offers" name="CreateSlotOfferForAll" time="0.0">
    <ignored/>
  </testcase> <!-- CreateSlotOfferForAll -->
  <testcase classname="vendorLogin.AvailBookings" name="AvailBookings1" time="0.0">
    <ignored/>
  </testcase> <!-- AvailBookings1 -->
  <testcase classname="vendorLogin.Slots" name="CreateSlots1" time="0.0">
    <ignored/>
  </testcase> <!-- CreateSlots1 -->
  <testcase classname="vendorLogin.AvailBookings" name="AvailBookings2" time="0.0">
    <ignored/>
  </testcase> <!-- AvailBookings2 -->
  <testcase classname="vendorLogin.Slots" name="BlockSlotsMultiple" time="0.0">
    <ignored/>
  </testcase> <!-- BlockSlotsMultiple -->
  <testcase classname="vendorLogin.PYSDashBoard" name="ChangePassConfirmPassWrong" time="0.0">
    <ignored/>
  </testcase> <!-- ChangePassConfirmPassWrong -->
  <testcase classname="vendorLogin.Slots" name="CreateSlots5" time="0.0">
    <ignored/>
  </testcase> <!-- CreateSlots5 -->
  <testcase classname="vendorLogin.Offers" name="ViewOfferFirstTimeOfferExpired" time="0.0">
    <ignored/>
  </testcase> <!-- ViewOfferFirstTimeOfferExpired -->
  <testcase classname="vendorLogin.Offers" name="CreateFirstTimeOfferForAll" time="0.0">
    <ignored/>
  </testcase> <!-- CreateFirstTimeOfferForAll -->
  <testcase classname="vendorLogin.Slots" name="CreateSlots4" time="0.0">
    <ignored/>
  </testcase> <!-- CreateSlots4 -->
  <testcase classname="vendorLogin.Slots" name="CreateSlots3" time="0.0">
    <ignored/>
  </testcase> <!-- CreateSlots3 -->
  <testcase classname="vendorLogin.Slots" name="CreateSlots2" time="0.0">
    <ignored/>
  </testcase> <!-- CreateSlots2 -->
  <testcase classname="vendorLogin.Offers" name="CreateFlatOfferForParticular" time="0.0">
    <ignored/>
  </testcase> <!-- CreateFlatOfferForParticular -->
  <testcase classname="vendorLogin.Slots" name="ViewSlot3" time="0.0">
    <ignored/>
  </testcase> <!-- ViewSlot3 -->
  <testcase classname="vendorLogin.Slots" name="CreateSlots7" time="0.0">
    <ignored/>
  </testcase> <!-- CreateSlots7 -->
  <testcase classname="vendorLogin.Offers" name="ViewOfferFirstTimeOfferUpcoming" time="0.0">
    <ignored/>
  </testcase> <!-- ViewOfferFirstTimeOfferUpcoming -->
  <testcase classname="vendorLogin.Offers" name="ViewOfferSlotOfferActive" time="0.0">
    <ignored/>
  </testcase> <!-- ViewOfferSlotOfferActive -->
  <testcase classname="vendorLogin.Slots" name="CreateSlots6" time="0.0">
    <ignored/>
  </testcase> <!-- CreateSlots6 -->
  <testcase classname="vendorLogin.Offers" name="CreateAdjacentOfferForParticular" time="0.0">
    <ignored/>
  </testcase> <!-- CreateAdjacentOfferForParticular -->
  <testcase classname="vendorLogin.Offers" name="ViewOfferFirstTimeOfferActive" time="0.0">
    <ignored/>
  </testcase> <!-- ViewOfferFirstTimeOfferActive -->
</testsuite> <!-- Test(failed) -->
