<?xml version="1.0" encoding="UTF-8"?>
<!-- Generated by org.testng.reporters.JUnitReportReporter -->
<testsuite hostname="DESKTOP-EM2UP6U" failures="0" tests="26" name="vendorLogin.Functional" time="458.047" errors="1" timestamp="2024-01-10T13:33:48 IST" skipped="0">
  <testcase classname="vendorLogin.Functional" name="EmailFieldCheck" time="16.397"/>
  <system-out/>
  <testcase classname="vendorLogin.Functional" name="Offercount" time="21.624"/>
  <system-out/>
  <testcase classname="vendorLogin.Functional" name="SupervisorNameFieldCheck" time="20.721"/>
  <system-out/>
  <testcase classname="vendorLogin.Functional" name="SupervisorNameFieldCheck" time="19.879"/>
  <system-out/>
  <testcase classname="vendorLogin.Functional" name="SupervisorNameFieldCheck" time="17.194"/>
  <system-out/>
  <testcase classname="vendorLogin.Functional" name="EmailFieldCheck" time="15.387"/>
  <system-out/>
  <testcase classname="vendorLogin.Functional" name="EmailFieldCheck" time="16.159"/>
  <system-out/>
  <testcase classname="vendorLogin.Functional" name="bookings" time="14.906"/>
  <system-out/>
  <testcase classname="vendorLogin.Functional" name="FunctionalityOfSupervisorPage" time="16.916"/>
  <system-out/>
  <testcase classname="vendorLogin.Functional" name="EmailFieldCheck" time="15.648"/>
  <system-out/>
  <testcase classname="vendorLogin.Functional" name="FunctionalityOfSupervisorPage" time="16.818"/>
  <system-out/>
  <testcase classname="vendorLogin.Functional" name="EmailFieldCheck" time="16.653"/>
  <system-out/>
  <testcase classname="vendorLogin.Functional" name="SupervisorNameFieldCheck" time="21.185"/>
  <system-out/>
  <testcase classname="vendorLogin.Functional" name="DeleteEachStatusSupervisor" time="20.342">
    <error message="Unable to locate element: (//span[text()=&quot;NEW&quot;])[1]
For documentation on this error, please visit: https://www.selenium.dev/documentation/webdriver/troubleshooting/errors#no-such-element-exception
Build info: version: &#039;4.16.1&#039;, revision: &#039;9b4c83354e&#039;
System info: os.name: &#039;Windows 10&#039;, os.arch: &#039;amd64&#039;, os.version: &#039;10.0&#039;, java.version: &#039;17.0.7&#039;
Driver info: org.openqa.selenium.firefox.FirefoxDriver
Command: [df4d098a-bf3f-49a7-b608-83f24defdc44, findElement {using=xpath, value=(//span[text()=&quot;NEW&quot;])[1]}]
Capabilities {acceptInsecureCerts: true, browserName: firefox, browserVersion: 121.0, moz:accessibilityChecks: false, moz:buildID: 20231211174248, moz:debuggerAddress: 127.0.0.1:37079, moz:geckodriverVersion: 0.33.0, moz:headless: false, moz:platformVersion: 10.0, moz:processID: 11748, moz:profile: C:\Users\Admin\AppData\Loca..., moz:shutdownTimeout: 60000, moz:webdriverClick: true, moz:windowless: false, pageLoadStrategy: normal, platformName: windows, proxy: Proxy(), se:cdp: ws://127.0.0.1:37079/devtoo..., se:cdpVersion: 85.0, setWindowRect: true, strictFileInteractability: false, timeouts: {implicit: 0, pageLoad: 300000, script: 30000}, unhandledPromptBehavior: dismiss and notify}
Session ID: df4d098a-bf3f-49a7-b608-83f24defdc44" type="org.openqa.selenium.NoSuchElementException">
      <![CDATA[org.openqa.selenium.NoSuchElementException: Unable to locate element: (//span[text()="NEW"])[1]
For documentation on this error, please visit: https://www.selenium.dev/documentation/webdriver/troubleshooting/errors#no-such-element-exception
Build info: version: '4.16.1', revision: '9b4c83354e'
System info: os.name: 'Windows 10', os.arch: 'amd64', os.version: '10.0', java.version: '17.0.7'
Driver info: org.openqa.selenium.firefox.FirefoxDriver
Command: [df4d098a-bf3f-49a7-b608-83f24defdc44, findElement {using=xpath, value=(//span[text()="NEW"])[1]}]
Capabilities {acceptInsecureCerts: true, browserName: firefox, browserVersion: 121.0, moz:accessibilityChecks: false, moz:buildID: 20231211174248, moz:debuggerAddress: 127.0.0.1:37079, moz:geckodriverVersion: 0.33.0, moz:headless: false, moz:platformVersion: 10.0, moz:processID: 11748, moz:profile: C:\Users\Admin\AppData\Loca..., moz:shutdownTimeout: 60000, moz:webdriverClick: true, moz:windowless: false, pageLoadStrategy: normal, platformName: windows, proxy: Proxy(), se:cdp: ws://127.0.0.1:37079/devtoo..., se:cdpVersion: 85.0, setWindowRect: true, strictFileInteractability: false, timeouts: {implicit: 0, pageLoad: 300000, script: 30000}, unhandledPromptBehavior: dismiss and notify}
Session ID: df4d098a-bf3f-49a7-b608-83f24defdc44
at java.base/jdk.internal.reflect.NativeConstructorAccessorImpl.newInstance0(Native Method)
at java.base/jdk.internal.reflect.NativeConstructorAccessorImpl.newInstance(NativeConstructorAccessorImpl.java:77)
at java.base/jdk.internal.reflect.DelegatingConstructorAccessorImpl.newInstance(DelegatingConstructorAccessorImpl.java:45)
at java.base/java.lang.reflect.Constructor.newInstanceWithCaller(Constructor.java:499)
at java.base/java.lang.reflect.Constructor.newInstance(Constructor.java:480)
at org.openqa.selenium.remote.codec.w3c.W3CHttpResponseCodec.createException(W3CHttpResponseCodec.java:200)
at org.openqa.selenium.remote.codec.w3c.W3CHttpResponseCodec.decode(W3CHttpResponseCodec.java:133)
at org.openqa.selenium.remote.codec.w3c.W3CHttpResponseCodec.decode(W3CHttpResponseCodec.java:52)
at org.openqa.selenium.remote.HttpCommandExecutor.execute(HttpCommandExecutor.java:191)
at org.openqa.selenium.remote.service.DriverCommandExecutor.invokeExecute(DriverCommandExecutor.java:200)
at org.openqa.selenium.remote.service.DriverCommandExecutor.execute(DriverCommandExecutor.java:175)
at org.openqa.selenium.remote.RemoteWebDriver.execute(RemoteWebDriver.java:523)
at org.openqa.selenium.remote.ElementLocation$ElementFinder$2.findElement(ElementLocation.java:165)
at org.openqa.selenium.remote.ElementLocation.findElement(ElementLocation.java:59)
at org.openqa.selenium.remote.RemoteWebDriver.findElement(RemoteWebDriver.java:360)
at org.openqa.selenium.remote.RemoteWebDriver.findElement(RemoteWebDriver.java:354)
at org.openqa.selenium.support.pagefactory.DefaultElementLocator.findElement(DefaultElementLocator.java:68)
at org.openqa.selenium.support.pagefactory.internal.LocatingElementHandler.invoke(LocatingElementHandler.java:38)
at jdk.proxy2/jdk.proxy2.$Proxy14.click(Unknown Source)
at vendorLogin.Functional.DeleteEachStatusSupervisor(Functional.java:122)
at java.base/jdk.internal.reflect.NativeMethodAccessorImpl.invoke0(Native Method)
at java.base/jdk.internal.reflect.NativeMethodAccessorImpl.invoke(NativeMethodAccessorImpl.java:77)
at java.base/jdk.internal.reflect.DelegatingMethodAccessorImpl.invoke(DelegatingMethodAccessorImpl.java:43)
at java.base/java.lang.reflect.Method.invoke(Method.java:568)
at org.testng.internal.MethodInvocationHelper.invokeMethod(MethodInvocationHelper.java:133)
at org.testng.internal.TestInvoker.invokeMethod(TestInvoker.java:598)
at org.testng.internal.TestInvoker.invokeTestMethod(TestInvoker.java:173)
at org.testng.internal.MethodRunner.runInSequence(MethodRunner.java:46)
at org.testng.internal.TestInvoker$MethodInvocationAgent.invoke(TestInvoker.java:824)
at org.testng.internal.TestInvoker.invokeTestMethods(TestInvoker.java:146)
at org.testng.internal.TestMethodWorker.invokeTestMethods(TestMethodWorker.java:146)
at org.testng.internal.TestMethodWorker.run(TestMethodWorker.java:128)
at java.base/java.util.ArrayList.forEach(ArrayList.java:1511)
at org.testng.TestRunner.privateRun(TestRunner.java:794)
at org.testng.TestRunner.run(TestRunner.java:596)
at org.testng.SuiteRunner.runTest(SuiteRunner.java:377)
at org.testng.SuiteRunner.runSequentially(SuiteRunner.java:371)
at org.testng.SuiteRunner.privateRun(SuiteRunner.java:332)
at org.testng.SuiteRunner.run(SuiteRunner.java:276)
at org.testng.SuiteRunnerWorker.runSuite(SuiteRunnerWorker.java:53)
at org.testng.SuiteRunnerWorker.run(SuiteRunnerWorker.java:96)
at org.testng.TestNG.runSuitesSequentially(TestNG.java:1212)
at org.testng.TestNG.runSuitesLocally(TestNG.java:1134)
at org.testng.TestNG.runSuites(TestNG.java:1063)
at org.testng.TestNG.run(TestNG.java:1031)
at org.testng.remote.AbstractRemoteTestNG.run(AbstractRemoteTestNG.java:115)
at org.testng.remote.RemoteTestNG.initAndRun(RemoteTestNG.java:251)
at org.testng.remote.RemoteTestNG.main(RemoteTestNG.java:77)
]]>
    </error>
  </testcase> <!-- DeleteEachStatusSupervisor -->
  <system-out/>
  <testcase classname="vendorLogin.Functional" name="SupervisorNameFieldCheck" time="19.428"/>
  <system-out/>
  <testcase classname="vendorLogin.Functional" name="SupervisorNameFieldCheck" time="16.878"/>
  <system-out/>
  <testcase classname="vendorLogin.Functional" name="FunctionalityOfSupervisorPage" time="16.081"/>
  <system-out/>
  <testcase classname="vendorLogin.Functional" name="FunctionalityOfSupervisorPage" time="15.526"/>
  <system-out/>
  <testcase classname="vendorLogin.Functional" name="ContactNoFieldCheck" time="21.662"/>
  <system-out/>
  <testcase classname="vendorLogin.Functional" name="EmailFieldCheck" time="12.516"/>
  <system-out/>
  <testcase classname="vendorLogin.Functional" name="EmailFieldCheck" time="17.169"/>
  <system-out/>
  <testcase classname="vendorLogin.Functional" name="FunctionalityOfSupervisorPage" time="17.030"/>
  <system-out/>
  <testcase classname="vendorLogin.Functional" name="FunctionalityOfSupervisorPage" time="17.705"/>
  <system-out/>
  <testcase classname="vendorLogin.Functional" name="ContactNoFieldCheck" time="17.515"/>
  <system-out/>
  <testcase classname="vendorLogin.Functional" name="FunctionalityOfSupervisorPage" time="16.865"/>
  <system-out/>
  <testcase classname="vendorLogin.Functional" name="SupervisorNameFieldCheck" time="19.843"/>
  <system-out/>
</testsuite> <!-- vendorLogin.Functional -->
